  Test.c
C:\Users\jnort\OneDrive\Desktop\ITT-310\Week 5\Milestone 3\TTT - Test4\TTT - Test4\Test.c(67,9): warning C4473: 'scanf' : not enough arguments passed for format string
C:\Users\jnort\OneDrive\Desktop\ITT-310\Week 5\Milestone 3\TTT - Test4\TTT - Test4\Test.c(67,9): message : placeholders and their parameters expect 1 variadic arguments, but 0 were provided
C:\Users\jnort\OneDrive\Desktop\ITT-310\Week 5\Milestone 3\TTT - Test4\TTT - Test4\Test.c(67,9): message : the missing variadic argument 1 is required by format string '%c'
C:\Users\jnort\OneDrive\Desktop\ITT-310\Week 5\Milestone 3\TTT - Test4\TTT - Test4\Test.c(67,3): error C4996: 'scanf': This function or variable may be unsafe. Consider using scanf_s instead. To disable deprecation, use _CRT_SECURE_NO_WARNINGS. See online help for details.
C:\Users\jnort\OneDrive\Desktop\ITT-310\Week 5\Milestone 3\TTT - Test4\TTT - Test4\Test.c(68,3): error C4996: 'scanf': This function or variable may be unsafe. Consider using scanf_s instead. To disable deprecation, use _CRT_SECURE_NO_WARNINGS. See online help for details.
C:\Users\jnort\OneDrive\Desktop\ITT-310\Week 5\Milestone 3\TTT - Test4\TTT - Test4\Test.c(86,3): error C4996: 'scanf': This function or variable may be unsafe. Consider using scanf_s instead. To disable deprecation, use _CRT_SECURE_NO_WARNINGS. See online help for details.
C:\Users\jnort\OneDrive\Desktop\ITT-310\Week 5\Milestone 3\TTT - Test4\TTT - Test4\Test.c(89,3): error C4996: 'scanf': This function or variable may be unsafe. Consider using scanf_s instead. To disable deprecation, use _CRT_SECURE_NO_WARNINGS. See online help for details.
